# do {fp_arbitor_8_tb_compile.do}
# Model Technology ModelSim PE vmap 10.4c Lib Mapping Utility 2015.07 Jul 20 2015
# vmap xil_defaultlib msim/xil_defaultlib 
# Modifying modelsim.ini
# ** Warning: (vlog-159) Mode option -64 is not supported in this context and will be ignored.
# 
# Model Technology ModelSim PE vlog 10.4c Compiler 2015.07 Jul 20 2015
# Start time: 15:44:40 on Jan 17,2022
# vlog -64 -incr -work xil_defaultlib ../../../EDA_Design.srcs/sources_1/new/fp_arbitor_8.v ../../../EDA_Design.srcs/sources_1/new/fp_arbitor_8_tb.v 
# -- Compiling module fp_arbitor_8
# -- Compiling module fp_arbitor_8_tb
# 
# Top level modules:
# 	fp_arbitor_8_tb
# End time: 15:44:40 on Jan 17,2022, Elapsed time: 0:00:00
# Errors: 0, Warnings: 1
# Model Technology ModelSim PE vlog 10.4c Compiler 2015.07 Jul 20 2015
# Start time: 15:44:40 on Jan 17,2022
# vlog -work xil_defaultlib glbl.v 
# -- Compiling module glbl
# 
# Top level modules:
# 	glbl
# End time: 15:44:40 on Jan 17,2022, Elapsed time: 0:00:00
# Errors: 0, Warnings: 0
